2021-10-17 14:33:49.459  INFO 5976 --- [main] tn.esprit.spring.TestEntrepriseService   : Starting TestEntrepriseService on DESKTOP-2TGKVT8 with PID 5976 (started by ASUS in C:\Users\ASUS\Desktop\timesheet)
2021-10-17 14:33:49.461  INFO 5976 --- [main] tn.esprit.spring.TestEntrepriseService   : No active profile set, falling back to default profiles: default
2021-10-17 14:33:50.739  INFO 5976 --- [main] .s.d.r.c.RepositoryConfigurationDelegate : Bootstrapping Spring Data JPA repositories in DEFAULT mode.
2021-10-17 14:33:50.911  INFO 5976 --- [main] .s.d.r.c.RepositoryConfigurationDelegate : Finished Spring Data repository scanning in 157ms. Found 6 JPA repository interfaces.
2021-10-17 14:33:51.959  INFO 5976 --- [main] o.hibernate.jpa.internal.util.LogHelper  : HHH000204: Processing PersistenceUnitInfo [name: default]
2021-10-17 14:33:52.059  INFO 5976 --- [main] org.hibernate.Version                    : HHH000412: Hibernate ORM core version 5.4.15.Final
2021-10-17 14:33:52.298  INFO 5976 --- [main] o.hibernate.annotations.common.Version   : HCANN000001: Hibernate Commons Annotations {5.1.0.Final}
2021-10-17 14:33:52.919  INFO 5976 --- [main] com.zaxxer.hikari.HikariDataSource       : HikariPool-1 - Starting...
2021-10-17 14:33:53.170  INFO 5976 --- [main] com.zaxxer.hikari.HikariDataSource       : HikariPool-1 - Start completed.
2021-10-17 14:33:53.204  INFO 5976 --- [main] org.hibernate.dialect.Dialect            : HHH000400: Using dialect: org.hibernate.dialect.MySQL5InnoDBDialect
2021-10-17 14:33:54.749  INFO 5976 --- [main] o.h.e.t.j.p.i.JtaPlatformInitiator       : HHH000490: Using JtaPlatform implementation: [org.hibernate.engine.transaction.jta.platform.internal.NoJtaPlatform]
2021-10-17 14:33:54.760  INFO 5976 --- [main] j.LocalContainerEntityManagerFactoryBean : Initialized JPA EntityManagerFactory for persistence unit 'default'
2021-10-17 14:33:56.543  WARN 5976 --- [main] JpaBaseConfiguration$JpaWebConfiguration : spring.jpa.open-in-view is enabled by default. Therefore, database queries may be performed during view rendering. Explicitly configure spring.jpa.open-in-view to disable this warning
2021-10-17 14:33:56.971  INFO 5976 --- [main] o.s.s.concurrent.ThreadPoolTaskExecutor  : Initializing ExecutorService 'applicationTaskExecutor'
2021-10-17 14:33:57.625  INFO 5976 --- [main] tn.esprit.spring.TestEntrepriseService   : Started TestEntrepriseService in 8.76 seconds (JVM running for 10.061)
2021-10-17 14:33:58.403  INFO 5976 --- [SpringContextShutdownHook] o.s.s.concurrent.ThreadPoolTaskExecutor  : Shutting down ExecutorService 'applicationTaskExecutor'
2021-10-17 14:33:58.412  INFO 5976 --- [SpringContextShutdownHook] j.LocalContainerEntityManagerFactoryBean : Closing JPA EntityManagerFactory for persistence unit 'default'
2021-10-17 14:33:58.417  INFO 5976 --- [SpringContextShutdownHook] com.zaxxer.hikari.HikariDataSource       : HikariPool-1 - Shutdown initiated...
2021-10-17 14:33:58.439  INFO 5976 --- [SpringContextShutdownHook] com.zaxxer.hikari.HikariDataSource       : HikariPool-1 - Shutdown completed.
2021-10-17 14:36:25.124  INFO 8636 --- [main] tn.esprit.spring.TestEntrepriseService   : Starting TestEntrepriseService on DESKTOP-2TGKVT8 with PID 8636 (started by ASUS in C:\Users\ASUS\Desktop\timesheet)
2021-10-17 14:36:25.125  INFO 8636 --- [main] tn.esprit.spring.TestEntrepriseService   : No active profile set, falling back to default profiles: default
2021-10-17 14:36:26.243  INFO 8636 --- [main] .s.d.r.c.RepositoryConfigurationDelegate : Bootstrapping Spring Data JPA repositories in DEFAULT mode.
2021-10-17 14:36:26.419  INFO 8636 --- [main] .s.d.r.c.RepositoryConfigurationDelegate : Finished Spring Data repository scanning in 161ms. Found 6 JPA repository interfaces.
2021-10-17 14:36:27.444  INFO 8636 --- [main] o.hibernate.jpa.internal.util.LogHelper  : HHH000204: Processing PersistenceUnitInfo [name: default]
2021-10-17 14:36:27.540  INFO 8636 --- [main] org.hibernate.Version                    : HHH000412: Hibernate ORM core version 5.4.15.Final
2021-10-17 14:36:27.733  INFO 8636 --- [main] o.hibernate.annotations.common.Version   : HCANN000001: Hibernate Commons Annotations {5.1.0.Final}
2021-10-17 14:36:28.344  INFO 8636 --- [main] com.zaxxer.hikari.HikariDataSource       : HikariPool-1 - Starting...
2021-10-17 14:36:28.560  INFO 8636 --- [main] com.zaxxer.hikari.HikariDataSource       : HikariPool-1 - Start completed.
2021-10-17 14:36:28.588  INFO 8636 --- [main] org.hibernate.dialect.Dialect            : HHH000400: Using dialect: org.hibernate.dialect.MySQL5InnoDBDialect
2021-10-17 14:36:30.063  INFO 8636 --- [main] o.h.e.t.j.p.i.JtaPlatformInitiator       : HHH000490: Using JtaPlatform implementation: [org.hibernate.engine.transaction.jta.platform.internal.NoJtaPlatform]
2021-10-17 14:36:30.077  INFO 8636 --- [main] j.LocalContainerEntityManagerFactoryBean : Initialized JPA EntityManagerFactory for persistence unit 'default'
2021-10-17 14:36:31.747  WARN 8636 --- [main] JpaBaseConfiguration$JpaWebConfiguration : spring.jpa.open-in-view is enabled by default. Therefore, database queries may be performed during view rendering. Explicitly configure spring.jpa.open-in-view to disable this warning
2021-10-17 14:36:32.171  INFO 8636 --- [main] o.s.s.concurrent.ThreadPoolTaskExecutor  : Initializing ExecutorService 'applicationTaskExecutor'
2021-10-17 14:36:32.834  INFO 8636 --- [main] tn.esprit.spring.TestEntrepriseService   : Started TestEntrepriseService in 8.283 seconds (JVM running for 9.737)
2021-10-17 14:36:33.692  INFO 8636 --- [SpringContextShutdownHook] o.s.s.concurrent.ThreadPoolTaskExecutor  : Shutting down ExecutorService 'applicationTaskExecutor'
2021-10-17 14:36:33.709  INFO 8636 --- [SpringContextShutdownHook] j.LocalContainerEntityManagerFactoryBean : Closing JPA EntityManagerFactory for persistence unit 'default'
2021-10-17 14:36:33.717  INFO 8636 --- [SpringContextShutdownHook] com.zaxxer.hikari.HikariDataSource       : HikariPool-1 - Shutdown initiated...
2021-10-17 14:36:33.745  INFO 8636 --- [SpringContextShutdownHook] com.zaxxer.hikari.HikariDataSource       : HikariPool-1 - Shutdown completed.
2021-10-17 14:44:25.785  INFO 14824 --- [main] tn.esprit.spring.TestEntrepriseService   : Starting TestEntrepriseService on DESKTOP-2TGKVT8 with PID 14824 (started by ASUS in C:\Users\ASUS\Desktop\timesheet)
2021-10-17 14:44:25.787  INFO 14824 --- [main] tn.esprit.spring.TestEntrepriseService   : No active profile set, falling back to default profiles: default
2021-10-17 14:44:27.068  INFO 14824 --- [main] .s.d.r.c.RepositoryConfigurationDelegate : Bootstrapping Spring Data JPA repositories in DEFAULT mode.
2021-10-17 14:44:27.199  INFO 14824 --- [main] .s.d.r.c.RepositoryConfigurationDelegate : Finished Spring Data repository scanning in 120ms. Found 6 JPA repository interfaces.
2021-10-17 14:44:28.258  INFO 14824 --- [main] o.hibernate.jpa.internal.util.LogHelper  : HHH000204: Processing PersistenceUnitInfo [name: default]
2021-10-17 14:44:28.362  INFO 14824 --- [main] org.hibernate.Version                    : HHH000412: Hibernate ORM core version 5.4.15.Final
2021-10-17 14:44:28.612  INFO 14824 --- [main] o.hibernate.annotations.common.Version   : HCANN000001: Hibernate Commons Annotations {5.1.0.Final}
2021-10-17 14:44:29.251  INFO 14824 --- [main] com.zaxxer.hikari.HikariDataSource       : HikariPool-1 - Starting...
2021-10-17 14:44:29.554  INFO 14824 --- [main] com.zaxxer.hikari.HikariDataSource       : HikariPool-1 - Start completed.
2021-10-17 14:44:29.584  INFO 14824 --- [main] org.hibernate.dialect.Dialect            : HHH000400: Using dialect: org.hibernate.dialect.MySQL5InnoDBDialect
2021-10-17 14:44:31.182  INFO 14824 --- [main] o.h.e.t.j.p.i.JtaPlatformInitiator       : HHH000490: Using JtaPlatform implementation: [org.hibernate.engine.transaction.jta.platform.internal.NoJtaPlatform]
2021-10-17 14:44:31.195  INFO 14824 --- [main] j.LocalContainerEntityManagerFactoryBean : Initialized JPA EntityManagerFactory for persistence unit 'default'
2021-10-17 14:44:32.895  WARN 14824 --- [main] JpaBaseConfiguration$JpaWebConfiguration : spring.jpa.open-in-view is enabled by default. Therefore, database queries may be performed during view rendering. Explicitly configure spring.jpa.open-in-view to disable this warning
2021-10-17 14:44:33.304  INFO 14824 --- [main] o.s.s.concurrent.ThreadPoolTaskExecutor  : Initializing ExecutorService 'applicationTaskExecutor'
2021-10-17 14:44:33.965  INFO 14824 --- [main] tn.esprit.spring.TestEntrepriseService   : Started TestEntrepriseService in 8.787 seconds (JVM running for 10.128)
2021-10-17 14:44:34.836  INFO 14824 --- [SpringContextShutdownHook] o.s.s.concurrent.ThreadPoolTaskExecutor  : Shutting down ExecutorService 'applicationTaskExecutor'
2021-10-17 14:44:34.847  INFO 14824 --- [SpringContextShutdownHook] j.LocalContainerEntityManagerFactoryBean : Closing JPA EntityManagerFactory for persistence unit 'default'
2021-10-17 14:44:34.851  INFO 14824 --- [SpringContextShutdownHook] com.zaxxer.hikari.HikariDataSource       : HikariPool-1 - Shutdown initiated...
2021-10-17 14:44:34.882  INFO 14824 --- [SpringContextShutdownHook] com.zaxxer.hikari.HikariDataSource       : HikariPool-1 - Shutdown completed.
2021-10-17 14:47:26.745  INFO 13780 --- [main] tn.esprit.spring.TestEntrepriseService   : Starting TestEntrepriseService on DESKTOP-2TGKVT8 with PID 13780 (started by ASUS in C:\Users\ASUS\Desktop\timesheet)
2021-10-17 14:47:26.748  INFO 13780 --- [main] tn.esprit.spring.TestEntrepriseService   : No active profile set, falling back to default profiles: default
2021-10-17 14:47:28.059  INFO 13780 --- [main] .s.d.r.c.RepositoryConfigurationDelegate : Bootstrapping Spring Data JPA repositories in DEFAULT mode.
2021-10-17 14:47:28.285  INFO 13780 --- [main] .s.d.r.c.RepositoryConfigurationDelegate : Finished Spring Data repository scanning in 207ms. Found 6 JPA repository interfaces.
2021-10-17 14:47:29.427  INFO 13780 --- [main] o.hibernate.jpa.internal.util.LogHelper  : HHH000204: Processing PersistenceUnitInfo [name: default]
2021-10-17 14:47:29.539  INFO 13780 --- [main] org.hibernate.Version                    : HHH000412: Hibernate ORM core version 5.4.15.Final
2021-10-17 14:47:29.830  INFO 13780 --- [main] o.hibernate.annotations.common.Version   : HCANN000001: Hibernate Commons Annotations {5.1.0.Final}
2021-10-17 14:47:30.413  INFO 13780 --- [main] com.zaxxer.hikari.HikariDataSource       : HikariPool-1 - Starting...
2021-10-17 14:47:30.631  INFO 13780 --- [main] com.zaxxer.hikari.HikariDataSource       : HikariPool-1 - Start completed.
2021-10-17 14:47:30.662  INFO 13780 --- [main] org.hibernate.dialect.Dialect            : HHH000400: Using dialect: org.hibernate.dialect.MySQL5InnoDBDialect
2021-10-17 14:47:32.050  INFO 13780 --- [main] o.h.e.t.j.p.i.JtaPlatformInitiator       : HHH000490: Using JtaPlatform implementation: [org.hibernate.engine.transaction.jta.platform.internal.NoJtaPlatform]
2021-10-17 14:47:32.064  INFO 13780 --- [main] j.LocalContainerEntityManagerFactoryBean : Initialized JPA EntityManagerFactory for persistence unit 'default'
2021-10-17 14:47:33.802  WARN 13780 --- [main] JpaBaseConfiguration$JpaWebConfiguration : spring.jpa.open-in-view is enabled by default. Therefore, database queries may be performed during view rendering. Explicitly configure spring.jpa.open-in-view to disable this warning
2021-10-17 14:47:34.309  INFO 13780 --- [main] o.s.s.concurrent.ThreadPoolTaskExecutor  : Initializing ExecutorService 'applicationTaskExecutor'
2021-10-17 14:47:34.935  INFO 13780 --- [main] tn.esprit.spring.TestEntrepriseService   : Started TestEntrepriseService in 8.885 seconds (JVM running for 10.721)
2021-10-17 14:47:35.671  INFO 13780 --- [SpringContextShutdownHook] o.s.s.concurrent.ThreadPoolTaskExecutor  : Shutting down ExecutorService 'applicationTaskExecutor'
2021-10-17 14:47:35.674  INFO 13780 --- [SpringContextShutdownHook] j.LocalContainerEntityManagerFactoryBean : Closing JPA EntityManagerFactory for persistence unit 'default'
2021-10-17 14:47:35.678  INFO 13780 --- [SpringContextShutdownHook] com.zaxxer.hikari.HikariDataSource       : HikariPool-1 - Shutdown initiated...
2021-10-17 14:47:35.710  INFO 13780 --- [SpringContextShutdownHook] com.zaxxer.hikari.HikariDataSource       : HikariPool-1 - Shutdown completed.
